<?xml version="1.0" encoding="UTF-8" ?>
<testsuite tests="2" failures="0" name="com.Elife.Runner.Test_Runner" time="76.585" errors="2" skipped="0">
  <properties>
[...]
</properties>
  <testcase classname="Verify The functionalities of One way ride" name="Verify Create ride with all fields" time="38.292">
    <error message="no such window: target window already closed
from unknown error: web view not found
  (Session info: chrome=122.0.6261.95)
Build info: version: &apos;4.4.0&apos;, revision: &apos;e5c75ed026a&apos;
System info: host: &apos;PRIYA&apos;, ip: &apos;192.168.1.4&apos;, os.name: &apos;Windows 11&apos;, os.arch: &apos;amd64&apos;, os.version: &apos;10.0&apos;, java.version: &apos;1.8.0_362&apos;
Driver info: org.openqa.selenium.chrome.ChromeDriver
Command: [b8ed8f21f3aecb18fe028081e4d5a568, findElements {using=css selector, value=frame[name=&apos;front\-inc&apos;],iframe[name=&apos;front\-inc&apos;]}]
Capabilities {acceptInsecureCerts: false, browserName: chrome, browserVersion: 122.0.6261.95, chrome: {chromedriverVersion: 122.0.6261.128 (f18a44fedeb..., userDataDir: C:\Users\dell\AppData\Local...}, fedcm:accounts: true, goog:chromeOptions: {debuggerAddress: localhost:51748}, networkConnectionEnabled: false, pageLoadStrategy: normal, platformName: WINDOWS, proxy: Proxy(), se:cdp: ws://localhost:51748/devtoo..., se:cdpVersion: 122.0.6261.95, setWindowRect: true, strictFileInteractability: false, timeouts: {implicit: 0, pageLoad: 300000, script: 30000}, unhandledPromptBehavior: dismiss and notify, webauthn:extension:credBlob: true, webauthn:extension:largeBlob: true, webauthn:extension:minPinLength: true, webauthn:extension:prf: true, webauthn:virtualAuthenticators: true}
Session ID: b8ed8f21f3aecb18fe028081e4d5a568" type="org.openqa.selenium.NoSuchWindowException">org.openqa.selenium.NoSuchWindowException: no such window: target window already closed
from unknown error: web view not found
  (Session info: chrome=122.0.6261.95)
Build info: version: &apos;4.4.0&apos;, revision: &apos;e5c75ed026a&apos;
System info: host: &apos;PRIYA&apos;, ip: &apos;192.168.1.4&apos;, os.name: &apos;Windows 11&apos;, os.arch: &apos;amd64&apos;, os.version: &apos;10.0&apos;, java.version: &apos;1.8.0_362&apos;
Driver info: org.openqa.selenium.chrome.ChromeDriver
Command: [b8ed8f21f3aecb18fe028081e4d5a568, findElements {using=css selector, value=frame[name=&apos;front\-inc&apos;],iframe[name=&apos;front\-inc&apos;]}]
Capabilities {acceptInsecureCerts: false, browserName: chrome, browserVersion: 122.0.6261.95, chrome: {chromedriverVersion: 122.0.6261.128 (f18a44fedeb..., userDataDir: C:\Users\dell\AppData\Local...}, fedcm:accounts: true, goog:chromeOptions: {debuggerAddress: localhost:51748}, networkConnectionEnabled: false, pageLoadStrategy: normal, platformName: WINDOWS, proxy: Proxy(), se:cdp: ws://localhost:51748/devtoo..., se:cdpVersion: 122.0.6261.95, setWindowRect: true, strictFileInteractability: false, timeouts: {implicit: 0, pageLoad: 300000, script: 30000}, unhandledPromptBehavior: dismiss and notify, webauthn:extension:credBlob: true, webauthn:extension:largeBlob: true, webauthn:extension:minPinLength: true, webauthn:extension:prf: true, webauthn:virtualAuthenticators: true}
Session ID: b8ed8f21f3aecb18fe028081e4d5a568
	at sun.reflect.NativeConstructorAccessorImpl.newInstance0(Native Method)
	at sun.reflect.NativeConstructorAccessorImpl.newInstance(NativeConstructorAccessorImpl.java:62)
	at sun.reflect.DelegatingConstructorAccessorImpl.newInstance(DelegatingConstructorAccessorImpl.java:45)
	at java.lang.reflect.Constructor.newInstance(Constructor.java:423)
	at org.openqa.selenium.remote.codec.w3c.W3CHttpResponseCodec.createException(W3CHttpResponseCodec.java:200)
	at org.openqa.selenium.remote.codec.w3c.W3CHttpResponseCodec.decode(W3CHttpResponseCodec.java:133)
	at org.openqa.selenium.remote.codec.w3c.W3CHttpResponseCodec.decode(W3CHttpResponseCodec.java:53)
	at org.openqa.selenium.remote.HttpCommandExecutor.execute(HttpCommandExecutor.java:184)
	at org.openqa.selenium.remote.service.DriverCommandExecutor.invokeExecute(DriverCommandExecutor.java:167)
	at org.openqa.selenium.remote.service.DriverCommandExecutor.execute(DriverCommandExecutor.java:142)
	at org.openqa.selenium.remote.RemoteWebDriver.execute(RemoteWebDriver.java:547)
	at org.openqa.selenium.remote.ElementLocation$ElementFinder$2.findElements(ElementLocation.java:179)
	at org.openqa.selenium.remote.ElementLocation.findElements(ElementLocation.java:102)
	at org.openqa.selenium.remote.RemoteWebDriver.findElements(RemoteWebDriver.java:380)
	at org.openqa.selenium.remote.RemoteWebDriver.findElements(RemoteWebDriver.java:372)
	at org.openqa.selenium.remote.RemoteWebDriver$RemoteTargetLocator.frame(RemoteWebDriver.java:1056)
	at com.Elife.StepDefinitions.HomePageSteps.iOpenBusBoundUrl(HomePageSteps.java:17)
	at ✽.I open bus bound url(file:///E:/BusBoundApp%20-%20Copy/src/test/resources/Features/OneWay.feature:4)
</error>
    <system-out>
@1
Scenario Outline: Verify Create ride with all fields          # src/test/resources/Features/OneWay.feature:48
  Given I open bus bound url                                  # com.Elife.StepDefinitions.HomePageSteps.iOpenBusBoundUrl()
      org.openqa.selenium.NoSuchWindowException: no such window: target window already closed
from unknown error: web view not found
  (Session info: chrome=122.0.6261.95)
Build info: version: &apos;4.4.0&apos;, revision: &apos;e5c75ed026a&apos;
System info: host: &apos;PRIYA&apos;, ip: &apos;192.168.1.4&apos;, os.name: &apos;Windows 11&apos;, os.arch: &apos;amd64&apos;, os.version: &apos;10.0&apos;, java.version: &apos;1.8.0_362&apos;
Driver info: org.openqa.selenium.chrome.ChromeDriver
Command: [b8ed8f21f3aecb18fe028081e4d5a568, findElements {using=css selector, value=frame[name=&apos;front\-inc&apos;],iframe[name=&apos;front\-inc&apos;]}]
Capabilities {acceptInsecureCerts: false, browserName: chrome, browserVersion: 122.0.6261.95, chrome: {chromedriverVersion: 122.0.6261.128 (f18a44fedeb..., userDataDir: C:\Users\dell\AppData\Local...}, fedcm:accounts: true, goog:chromeOptions: {debuggerAddress: localhost:51748}, networkConnectionEnabled: false, pageLoadStrategy: normal, platformName: WINDOWS, proxy: Proxy(), se:cdp: ws://localhost:51748/devtoo..., se:cdpVersion: 122.0.6261.95, setWindowRect: true, strictFileInteractability: false, timeouts: {implicit: 0, pageLoad: 300000, script: 30000}, unhandledPromptBehavior: dismiss and notify, webauthn:extension:credBlob: true, webauthn:extension:largeBlob: true, webauthn:extension:minPinLength: true, webauthn:extension:prf: true, webauthn:virtualAuthenticators: true}
Session ID: b8ed8f21f3aecb18fe028081e4d5a568
	at sun.reflect.NativeConstructorAccessorImpl.newInstance0(Native Method)
	at sun.reflect.NativeConstructorAccessorImpl.newInstance(NativeConstructorAccessorImpl.java:62)
	at sun.reflect.DelegatingConstructorAccessorImpl.newInstance(DelegatingConstructorAccessorImpl.java:45)
	at java.lang.reflect.Constructor.newInstance(Constructor.java:423)
	at org.openqa.selenium.remote.codec.w3c.W3CHttpResponseCodec.createException(W3CHttpResponseCodec.java:200)
	at org.openqa.selenium.remote.codec.w3c.W3CHttpResponseCodec.decode(W3CHttpResponseCodec.java:133)
	at org.openqa.selenium.remote.codec.w3c.W3CHttpResponseCodec.decode(W3CHttpResponseCodec.java:53)
	at org.openqa.selenium.remote.HttpCommandExecutor.execute(HttpCommandExecutor.java:184)
	at org.openqa.selenium.remote.service.DriverCommandExecutor.invokeExecute(DriverCommandExecutor.java:167)
	at org.openqa.selenium.remote.service.DriverCommandExecutor.execute(DriverCommandExecutor.java:142)
	at org.openqa.selenium.remote.RemoteWebDriver.execute(RemoteWebDriver.java:547)
	at org.openqa.selenium.remote.ElementLocation$ElementFinder$2.findElements(ElementLocation.java:179)
	at org.openqa.selenium.remote.ElementLocation.findElements(ElementLocation.java:102)
	at org.openqa.selenium.remote.RemoteWebDriver.findElements(RemoteWebDriver.java:380)
	at org.openqa.selenium.remote.RemoteWebDriver.findElements(RemoteWebDriver.java:372)
	at org.openqa.selenium.remote.RemoteWebDriver$RemoteTargetLocator.frame(RemoteWebDriver.java:1056)
	at com.Elife.StepDefinitions.HomePageSteps.iOpenBusBoundUrl(HomePageSteps.java:17)
	at ✽.I open bus bound url(file:///E:/BusBoundApp%20-%20Copy/src/test/resources/Features/OneWay.feature:4)

  Given I set passenger count as &quot;10&quot;                         # com.Elife.StepDefinitions.ItineraryPageSteps.iSetPassengerCountAs(java.lang.String)
  When I set luggage count as &quot;25&quot;                            # com.Elife.StepDefinitions.ItineraryPageSteps.iSetLuggageCountAs(java.lang.String)
  And I click on event type                                   # com.Elife.StepDefinitions.ItineraryPageSteps.iClickOnEventType()
  And User selects the event type as &quot;Wedding&quot;                # com.Elife.StepDefinitions.ItineraryPageSteps.userSelectsTheEventTypeAs(java.lang.String)
  And the user adds the following stops:                      # com.Elife.StepDefinitions.ItineraryPageSteps.theUserAddsTheFollowingStops(io.cucumber.datatable.DataTable)
    | First Stop Location  |
    | second Stop Location |
  When the user enters the trip details into the input fields # com.Elife.StepDefinitions.ItineraryPageSteps.theUserEntersTheTripDetailsIntoTheInputFields(io.cucumber.datatable.DataTable)
    | Field    | Value 1 | Value 2  | Value 3       | Value 4             |
    | Location | SFO     | San Jose | San cruz, USA | Sacramento, CA, USA |
    | Day      | 23      | 23       | 24            | [empty]             |
    | Month    | 09      | 09       | 09            | [empty]             |
    | Year     | 2024    | 2024     | 2024          | [empty]             |
    | Hour     | 08      | 08       | 08            | [empty]             |
    | Minute   | 30      | 30       | 30            | [empty]             |
    | Period   | AM      | PM       | PM            | [empty]             |
  And I click on next button in itinerary page                # com.Elife.StepDefinitions.ItineraryPageSteps.iClickOnNextButtonInItineraryPage()
  When I enter the following details into the form            # com.Elife.StepDefinitions.ContactPageSteps.iEnterTheFollowingDetailsIntoTheForm(io.cucumber.datatable.DataTable)
    | Field               | Values                      |
    | Name                | Test                        |
    | Salutation          | Mr                          |
    | Email               | sugapriya@elifeTransfer.com |
    | Phone Number 1 Code | +91                         |
    | Phone Number 1      | 9750359643                  |
    | Phone Number 2 Code | [empty]                     |
    | Phone Number 2      | [empty]                     |
    | Social Media        | [empty]                     |
    | Social Media Name   | [empty]                     |
  Then I click on next button in contact page                 # com.Elife.StepDefinitions.ContactPageSteps.iClickOnNextButtonInContactPage()
  And I select the vehicle in the vehicle page                # com.Elife.StepDefinitions.VehiclePageSteps.iSelectTheVehicleInTheVehiclePage()
  And I get the vehicle info in the vehicle page              # com.Elife.StepDefinitions.VehiclePageSteps.iGetTheVehicleInfoInTheVehiclePage()
  And I click on the next button in the vehicle page          # com.Elife.StepDefinitions.VehiclePageSteps.iClickOnTheNextButtonInTheVehiclePage()
  Then I click on the next button in the additional info page # com.Elife.StepDefinitions.AdditionalInfoSteps.iClickOnTheNextButtonInTheAdditionalInfoPage()
  And Verify the vehicle information in ride summary page     # com.Elife.StepDefinitions.RideSummarySteps.verifyTheVehicleInformationInRideSummaryPage()
  And Verify the Contact information in ride summary page     # com.Elife.StepDefinitions.RideSummarySteps.verifyTheContactInformationInRideSummaryPage()
      org.openqa.selenium.NoSuchWindowException: no such window: target window already closed
from unknown error: web view not found
  (Session info: chrome=122.0.6261.95)
Build info: version: &apos;4.4.0&apos;, revision: &apos;e5c75ed026a&apos;
System info: host: &apos;PRIYA&apos;, ip: &apos;192.168.1.4&apos;, os.name: &apos;Windows 11&apos;, os.arch: &apos;amd64&apos;, os.version: &apos;10.0&apos;, java.version: &apos;1.8.0_362&apos;
Driver info: org.openqa.selenium.chrome.ChromeDriver
Command: [b8ed8f21f3aecb18fe028081e4d5a568, screenshot {}]
Capabilities {acceptInsecureCerts: false, browserName: chrome, browserVersion: 122.0.6261.95, chrome: {chromedriverVersion: 122.0.6261.128 (f18a44fedeb..., userDataDir: C:\Users\dell\AppData\Local...}, fedcm:accounts: true, goog:chromeOptions: {debuggerAddress: localhost:51748}, networkConnectionEnabled: false, pageLoadStrategy: normal, platformName: WINDOWS, proxy: Proxy(), se:cdp: ws://localhost:51748/devtoo..., se:cdpVersion: 122.0.6261.95, setWindowRect: true, strictFileInteractability: false, timeouts: {implicit: 0, pageLoad: 300000, script: 30000}, unhandledPromptBehavior: dismiss and notify, webauthn:extension:credBlob: true, webauthn:extension:largeBlob: true, webauthn:extension:minPinLength: true, webauthn:extension:prf: true, webauthn:virtualAuthenticators: true}
Session ID: b8ed8f21f3aecb18fe028081e4d5a568
	at sun.reflect.NativeConstructorAccessorImpl.newInstance0(Native Method)
	at sun.reflect.NativeConstructorAccessorImpl.newInstance(NativeConstructorAccessorImpl.java:62)
	at sun.reflect.DelegatingConstructorAccessorImpl.newInstance(DelegatingConstructorAccessorImpl.java:45)
	at java.lang.reflect.Constructor.newInstance(Constructor.java:423)
	at org.openqa.selenium.remote.codec.w3c.W3CHttpResponseCodec.createException(W3CHttpResponseCodec.java:200)
	at org.openqa.selenium.remote.codec.w3c.W3CHttpResponseCodec.decode(W3CHttpResponseCodec.java:133)
	at org.openqa.selenium.remote.codec.w3c.W3CHttpResponseCodec.decode(W3CHttpResponseCodec.java:53)
	at org.openqa.selenium.remote.HttpCommandExecutor.execute(HttpCommandExecutor.java:184)
	at org.openqa.selenium.remote.service.DriverCommandExecutor.invokeExecute(DriverCommandExecutor.java:167)
	at org.openqa.selenium.remote.service.DriverCommandExecutor.execute(DriverCommandExecutor.java:142)
	at org.openqa.selenium.remote.RemoteWebDriver.execute(RemoteWebDriver.java:547)
	at org.openqa.selenium.remote.RemoteWebDriver.execute(RemoteWebDriver.java:602)
	at org.openqa.selenium.remote.RemoteWebDriver.execute(RemoteWebDriver.java:606)
	at org.openqa.selenium.remote.RemoteWebDriver.getScreenshotAs(RemoteWebDriver.java:331)
	at com.Elife.StepDefinitions.Common_Step_Definitions.afterScenario(Common_Step_Definitions.java:61)

</system-out>
    <system-err>SLF4J(W): No SLF4J providers were found.
SLF4J(W): Defaulting to no-operation (NOP) logger implementation
SLF4J(W): See https://www.slf4j.org/codes.html#noProviders for further details.
Starting ChromeDriver 122.0.6261.128 (f18a44fedeb29764b2b5336c120fdd90ef1a3f5c-refs/branch-heads/6261@{#1057}) on port 60974
Only local connections are allowed.
Please see https://chromedriver.chromium.org/security-considerations for suggestions on keeping ChromeDriver safe.
ChromeDriver was started successfully.
Aug 16, 2024 4:11:41 PM org.openqa.selenium.remote.ProtocolHandshake createSession
INFO: Detected upstream dialect: W3C
Aug 16, 2024 4:11:42 PM org.openqa.selenium.devtools.CdpVersionFinder findNearestMatch
WARNING: Unable to find an exact match for CDP version 122, so returning the closest version found: a no-op implementation
Aug 16, 2024 4:11:42 PM org.openqa.selenium.devtools.CdpVersionFinder findNearestMatch
INFO: Unable to find CDP implementation matching 122.
Aug 16, 2024 4:11:42 PM org.openqa.selenium.chromium.ChromiumDriver lambda$new$3
WARNING: Unable to find version of CDP to use for . You may need to include a dependency on a specific version of the CDP using something similar to `org.seleniumhq.selenium:selenium-devtools-v86:4.4.0` where the version (&quot;v86&quot;) matches the version of the chromium-based browser you&apos;re using and the version number of the artifact is the same as Selenium&apos;s.
</system-err>
  </testcase>
  <testcase classname="Verify The functionalities of One way ride" name="Verify Create ride with all fields" time="38.293">
    <error message="no such window: target window already closed
from unknown error: web view not found
  (Session info: chrome=122.0.6261.95)
Build info: version: &apos;4.4.0&apos;, revision: &apos;e5c75ed026a&apos;
System info: host: &apos;PRIYA&apos;, ip: &apos;192.168.1.4&apos;, os.name: &apos;Windows 11&apos;, os.arch: &apos;amd64&apos;, os.version: &apos;10.0&apos;, java.version: &apos;1.8.0_362&apos;
Driver info: org.openqa.selenium.chrome.ChromeDriver
Command: [b8ed8f21f3aecb18fe028081e4d5a568, screenshot {}]
Capabilities {acceptInsecureCerts: false, browserName: chrome, browserVersion: 122.0.6261.95, chrome: {chromedriverVersion: 122.0.6261.128 (f18a44fedeb..., userDataDir: C:\Users\dell\AppData\Local...}, fedcm:accounts: true, goog:chromeOptions: {debuggerAddress: localhost:51748}, networkConnectionEnabled: false, pageLoadStrategy: normal, platformName: WINDOWS, proxy: Proxy(), se:cdp: ws://localhost:51748/devtoo..., se:cdpVersion: 122.0.6261.95, setWindowRect: true, strictFileInteractability: false, timeouts: {implicit: 0, pageLoad: 300000, script: 30000}, unhandledPromptBehavior: dismiss and notify, webauthn:extension:credBlob: true, webauthn:extension:largeBlob: true, webauthn:extension:minPinLength: true, webauthn:extension:prf: true, webauthn:virtualAuthenticators: true}
Session ID: b8ed8f21f3aecb18fe028081e4d5a568" type="org.openqa.selenium.NoSuchWindowException">org.openqa.selenium.NoSuchWindowException: no such window: target window already closed
from unknown error: web view not found
  (Session info: chrome=122.0.6261.95)
Build info: version: &apos;4.4.0&apos;, revision: &apos;e5c75ed026a&apos;
System info: host: &apos;PRIYA&apos;, ip: &apos;192.168.1.4&apos;, os.name: &apos;Windows 11&apos;, os.arch: &apos;amd64&apos;, os.version: &apos;10.0&apos;, java.version: &apos;1.8.0_362&apos;
Driver info: org.openqa.selenium.chrome.ChromeDriver
Command: [b8ed8f21f3aecb18fe028081e4d5a568, screenshot {}]
Capabilities {acceptInsecureCerts: false, browserName: chrome, browserVersion: 122.0.6261.95, chrome: {chromedriverVersion: 122.0.6261.128 (f18a44fedeb..., userDataDir: C:\Users\dell\AppData\Local...}, fedcm:accounts: true, goog:chromeOptions: {debuggerAddress: localhost:51748}, networkConnectionEnabled: false, pageLoadStrategy: normal, platformName: WINDOWS, proxy: Proxy(), se:cdp: ws://localhost:51748/devtoo..., se:cdpVersion: 122.0.6261.95, setWindowRect: true, strictFileInteractability: false, timeouts: {implicit: 0, pageLoad: 300000, script: 30000}, unhandledPromptBehavior: dismiss and notify, webauthn:extension:credBlob: true, webauthn:extension:largeBlob: true, webauthn:extension:minPinLength: true, webauthn:extension:prf: true, webauthn:virtualAuthenticators: true}
Session ID: b8ed8f21f3aecb18fe028081e4d5a568
	at sun.reflect.NativeConstructorAccessorImpl.newInstance0(Native Method)
	at sun.reflect.NativeConstructorAccessorImpl.newInstance(NativeConstructorAccessorImpl.java:62)
	at sun.reflect.DelegatingConstructorAccessorImpl.newInstance(DelegatingConstructorAccessorImpl.java:45)
	at java.lang.reflect.Constructor.newInstance(Constructor.java:423)
	at org.openqa.selenium.remote.codec.w3c.W3CHttpResponseCodec.createException(W3CHttpResponseCodec.java:200)
	at org.openqa.selenium.remote.codec.w3c.W3CHttpResponseCodec.decode(W3CHttpResponseCodec.java:133)
	at org.openqa.selenium.remote.codec.w3c.W3CHttpResponseCodec.decode(W3CHttpResponseCodec.java:53)
	at org.openqa.selenium.remote.HttpCommandExecutor.execute(HttpCommandExecutor.java:184)
	at org.openqa.selenium.remote.service.DriverCommandExecutor.invokeExecute(DriverCommandExecutor.java:167)
	at org.openqa.selenium.remote.service.DriverCommandExecutor.execute(DriverCommandExecutor.java:142)
	at org.openqa.selenium.remote.RemoteWebDriver.execute(RemoteWebDriver.java:547)
	at org.openqa.selenium.remote.RemoteWebDriver.execute(RemoteWebDriver.java:602)
	at org.openqa.selenium.remote.RemoteWebDriver.execute(RemoteWebDriver.java:606)
	at org.openqa.selenium.remote.RemoteWebDriver.getScreenshotAs(RemoteWebDriver.java:331)
	at com.Elife.StepDefinitions.Common_Step_Definitions.afterScenario(Common_Step_Definitions.java:61)
</error>
  </testcase>
</testsuite>